#
# A fatal error has been detected by the Java Runtime Environment:
#
#  SIGSEGV (0xb) at pc=0x00007fff8ac894dd, pid=20637, tid=2571
#
# JRE version: Java(TM) SE Runtime Environment (8.0_73-b02) (build 1.8.0_73-b02)
# Java VM: Java HotSpot(TM) 64-Bit Server VM (25.73-b02 mixed mode bsd-amd64 compressed oops)
# Problematic frame:
# C  [libobjc.A.dylib+0x14dd]  objc_msgSend+0x1d
#
# Failed to write core dump. Core dumps have been disabled. To enable core dumping, try "ulimit -c unlimited" before starting Java again
#
# If you would like to submit a bug report, please visit:
#   http://bugreport.java.com/bugreport/crash.jsp
# The crash happened outside the Java Virtual Machine in native code.
# See problematic frame for where to report the bug.
#

---------------  T H R E A D  ---------------

Current thread (0x00007fa52c0a2000):  JavaThread "AWT-AppKit" daemon [_thread_in_native, id=2571, stack(0x00007fff55c42000,0x00007fff56442000)]

siginfo: si_signo: 11 (SIGSEGV), si_code: 1 (SEGV_MAPERR), si_addr: 0x0000000000000018

Registers:
RAX=0x00007fa52f83d580, RBX=0x000000019772e450, RCX=0x0000000129863ae0, RDX=0x0000000129863d20
RSP=0x00007fff5643d348, RBP=0x00007fff5643d400, RSI=0x00007fff987cdd0e, RDI=0x00007fa52fa70bc0
R8 =0x0000000000000000, R9 =0x00000000000008c0, R10=0x00007fff987cdd0e, R11=0x0000000000000000
R12=0x0000000000000000, R13=0x000000019d716c40, R14=0x000000019772e440, R15=0x00007fa52c0a2000
RIP=0x00007fff8ac894dd, EFLAGS=0x0000000000010246, ERR=0x0000000000000004
  TRAPNO=0x000000000000000e

Top of Stack: (sp=0x00007fff5643d348)
0x00007fff5643d348:   000000019772c157 00007fff5643d3a0
0x00007fff5643d358:   0000000000000003 00007fff5643d380
0x00007fff5643d368:   000000010adf1646 000000019d716c40
0x00007fff5643d378:   000000019d716c40 00007fa52f83d580
0x00007fff5643d388:   000000019772e6a0 000000019772e710
0x00007fff5643d398:   00007fff7ad07770 00007fff7eab4500
0x00007fff5643d3a8:   000000019772e450 000000019772e690
0x00007fff5643d3b8:   00007fa52f83d580 00007fa52fa70bc0
0x00007fff5643d3c8:   00007fa52f860d50 00007fa52f83d580
0x00007fff5643d3d8:   00007fa52fa70bc0 00007fff5643d488
0x00007fff5643d3e8:   00007fa52c0a21f8 000000019d716c40
0x00007fff5643d3f8:   00007fff5643d4b0 00007fff5643d478
0x00007fff5643d408:   000000010bba2954 000000019d716c40
0x00007fff5643d418:   00007fff5643d4b0 00007fff5643d478
0x00007fff5643d428:   000000010bba26e7 000000010bba26a2
0x00007fff5643d438:   00007fff5643d438 000000019d716c40
0x00007fff5643d448:   00007fff5643d4b0 000000019d719878
0x00007fff5643d458:   0000000000000000 000000019d716c40
0x00007fff5643d468:   0000000000000000 00007fff5643d498
0x00007fff5643d478:   00007fff5643d4f8 000000010bb94c4d
0x00007fff5643d488:   000000076eb6cec8 000000010bb9c578
0x00007fff5643d498:   00007fa52f83d580 00007fff5643d4f8
0x00007fff5643d4a8:   00007fa52fa70bc0 000000010bb9dd82
0x00007fff5643d4b8:   00007fff5643d4b8 000000019d716e0a
0x00007fff5643d4c8:   00007fff5643d520 000000019d719878
0x00007fff5643d4d8:   0000000000000000 000000019d716e18
0x00007fff5643d4e8:   00007fff5643d498 00007fff5643d508
0x00007fff5643d4f8:   00007fff5643d568 000000010bb94c4d
0x00007fff5643d508:   00007fa52f83d580 000000076ebb3a08
0x00007fff5643d518:   00007fa52fa70bc0 000000076ebb3a08
0x00007fff5643d528:   00007fff5643d528 00000001a3cc101e
0x00007fff5643d538:   00007fff5643d578 00000001a3cc10d8 

Instructions: (pc=0x00007fff8ac894dd)
0x00007fff8ac894bd:   44 00 00 48 85 ff 2e 74 62 40 f6 c7 01 2e 75 66
0x00007fff8ac894cd:   49 bb f8 ff ff ff ff 7f 00 00 4c 23 1f 49 89 f2
0x00007fff8ac894dd:   45 23 53 18 49 c1 e2 04 4d 03 53 10 49 3b 32 75
0x00007fff8ac894ed:   04 41 ff 62 08 49 83 3a 01 76 0d 49 83 c2 10 49 

Register to memory mapping:

RAX=0x00007fa52f83d580 is an unknown value
RBX=0x000000019772e450: Java_jogamp_nativewindow_macosx_OSXUtil_GetScreenRefreshRate0+0x1cf0 in /private/var/folders/mr/p4_rhnqx1kzdwhjyb2fkx9cm0000gn/T/jogamp_0000/file_cache/jln5351892160060602562/jln7801632565612478948/libnativewindow_macosx.jnilib at 0x0000000197727000
RCX=0x0000000129863ae0 is an unknown value
RDX=0x0000000129863d20 is an unknown value
RSP=0x00007fff5643d348 is pointing into the stack for thread: 0x00007fa52c0a2000
RBP=0x00007fff5643d400 is pointing into the stack for thread: 0x00007fa52c0a2000
RSI=0x00007fff987cdd0e is an unknown value
RDI=0x00007fa52fa70bc0 is an unknown value
R8 =0x0000000000000000 is an unknown value
R9 =0x00000000000008c0 is an unknown value
R10=0x00007fff987cdd0e is an unknown value
R11=0x0000000000000000 is an unknown value
R12=0x0000000000000000 is an unknown value
R13={method} {0x000000019d716c40} 'UnsetJAWTRootSurfaceLayer0' '(JJ)V' in 'jogamp/nativewindow/jawt/macosx/MacOSXJAWTWindow'
R14=0x000000019772e440: Java_jogamp_nativewindow_macosx_OSXUtil_GetScreenRefreshRate0+0x1ce0 in /private/var/folders/mr/p4_rhnqx1kzdwhjyb2fkx9cm0000gn/T/jogamp_0000/file_cache/jln5351892160060602562/jln7801632565612478948/libnativewindow_macosx.jnilib at 0x0000000197727000
R15=0x00007fa52c0a2000 is a thread


Stack: [0x00007fff55c42000,0x00007fff56442000],  sp=0x00007fff5643d348,  free space=8172k
Native frames: (J=compiled Java code, j=interpreted, Vv=VM code, C=native code)
C  [libobjc.A.dylib+0x14dd]  objc_msgSend+0x1d
j  jogamp.nativewindow.jawt.macosx.MacOSXJAWTWindow.UnsetJAWTRootSurfaceLayer0(JJ)V+0
j  jogamp.nativewindow.jawt.macosx.MacOSXJAWTWindow.access$200(JJ)V+2
j  jogamp.nativewindow.jawt.macosx.MacOSXJAWTWindow$1.run()V+38
J 2241 C1 com.jogamp.common.util.RunnableTask.run()V (345 bytes) @ 0x000000010c3e7b54 [0x000000010c3e79c0+0x194]
v  ~StubRoutines::call_stub
V  [libjvm.dylib+0x2eae7a]
V  [libjvm.dylib+0x321f83]
V  [libjvm.dylib+0x314757]
C  [libnativewindow_macosx.jnilib+0x5326]  Java_jogamp_nativewindow_jawt_macosx_MacOSXJAWTWindow_UnsetJAWTRootSurfaceLayer0+0x2b6
C  [Foundation+0x8dd4b]  __NSThreadPerformPerform+0x117
C  [CoreFoundation+0x7e5c1]  __CFRUNLOOP_IS_CALLING_OUT_TO_A_SOURCE0_PERFORM_FUNCTION__+0x11
C  [CoreFoundation+0x70397]  __CFRunLoopDoSources0+0x1a7
C  [CoreFoundation+0x6f93f]  __CFRunLoopRun+0x39f
C  [CoreFoundation+0x6f338]  CFRunLoopRunSpecific+0x128
C  [HIToolbox+0x30935]  RunCurrentEventLoopInMode+0xeb
C  [HIToolbox+0x30677]  ReceiveNextEventCommon+0xb8
C  [HIToolbox+0x305af]  _BlockUntilNextEventMatchingListInModeWithFilter+0x47
C  [AppKit+0x8a0ee]  _DPSNextEvent+0x42b
C  [AppKit+0x456943]  -[NSApplication _nextEventMatchingEventMask:untilDate:inMode:dequeue:]+0x1c6
C  [libosxapp.dylib+0x23aa]  -[NSApplicationAWT nextEventMatchingMask:untilDate:inMode:dequeue:]+0x7c
C  [AppKit+0x7ffc8]  -[NSApplication run]+0x2aa
C  [libosxapp.dylib+0x214d]  +[NSApplicationAWT runAWTLoopWithApp:]+0x9c
C  [libawt_lwawt.dylib+0x4455b]  -[AWTStarter starter:]+0x389
C  [Foundation+0x8dd4b]  __NSThreadPerformPerform+0x117
C  [CoreFoundation+0x7e5c1]  __CFRUNLOOP_IS_CALLING_OUT_TO_A_SOURCE0_PERFORM_FUNCTION__+0x11
C  [CoreFoundation+0x7041c]  __CFRunLoopDoSources0+0x22c
C  [CoreFoundation+0x6f93f]  __CFRunLoopRun+0x39f
C  [CoreFoundation+0x6f338]  CFRunLoopRunSpecific+0x128
C  [java+0x6463]  CreateExecutionEnvironment+0x367
C  [java+0x21ac]  JLI_Launch+0x7a0
C  [java+0x84c0]  main+0x65
C  [java+0x1a04]  start+0x34
C  0x0000000000000007

Java frames: (J=compiled Java code, j=interpreted, Vv=VM code)
j  jogamp.nativewindow.jawt.macosx.MacOSXJAWTWindow.UnsetJAWTRootSurfaceLayer0(JJ)V+0
j  jogamp.nativewindow.jawt.macosx.MacOSXJAWTWindow.access$200(JJ)V+2
j  jogamp.nativewindow.jawt.macosx.MacOSXJAWTWindow$1.run()V+38
J 2241 C1 com.jogamp.common.util.RunnableTask.run()V (345 bytes) @ 0x000000010c3e7b54 [0x000000010c3e79c0+0x194]
v  ~StubRoutines::call_stub

---------------  P R O C E S S  ---------------

Java Threads: ( => current thread )
  0x00007fa5310b5000 JavaThread "Thread-19" [_thread_blocked, id=74019, stack(0x0000700002109000,0x0000700002209000)]
  0x00007fa532361800 JavaThread "Image Fetcher 1" daemon [_thread_blocked, id=76035, stack(0x000070000271b000,0x000070000281b000)]
  0x00007fa53106d000 JavaThread "Image Fetcher 0" daemon [_thread_blocked, id=75523, stack(0x0000700002618000,0x0000700002718000)]
  0x00007fa52c839800 JavaThread "Keep-Alive-Timer" daemon [_thread_blocked, id=75095, stack(0x0000700002515000,0x0000700002615000)]
  0x00007fa52c1f3000 JavaThread "AWT-EventQueue-1" [_thread_in_native, id=67607, stack(0x0000700001f83000,0x0000700002083000)]
  0x00007fa52c1e7000 JavaThread "DestroyJavaVM" [_thread_blocked, id=5891, stack(0x000070000011a000,0x000070000021a000)]
  0x00007fa52c0ec000 JavaThread "AWT-EventQueue-0" [_thread_blocked, id=60163, stack(0x0000700001d7d000,0x0000700001e7d000)]
  0x00007fa52a196800 JavaThread "Java2D Disposer" daemon [_thread_blocked, id=56843, stack(0x0000700001af4000,0x0000700001bf4000)]
  0x00007fa52a93c000 JavaThread "Java2D Queue Flusher" daemon [_thread_blocked, id=53767, stack(0x00007000019f1000,0x0000700001af1000)]
  0x00007fa52908f000 JavaThread "AWT-Shutdown" [_thread_blocked, id=31763, stack(0x000070000165f000,0x000070000175f000)]
=>0x00007fa52c0a2000 JavaThread "AWT-AppKit" daemon [_thread_in_native, id=2571, stack(0x00007fff55c42000,0x00007fff56442000)]
  0x00007fa52a864000 JavaThread "Service Thread" daemon [_thread_blocked, id=20995, stack(0x00007000012d0000,0x00007000013d0000)]
  0x00007fa52a859000 JavaThread "C1 CompilerThread3" daemon [_thread_blocked, id=20483, stack(0x00007000011cd000,0x00007000012cd000)]
  0x00007fa52c010000 JavaThread "C2 CompilerThread2" daemon [_thread_blocked, id=19971, stack(0x00007000010ca000,0x00007000011ca000)]
  0x00007fa52c00f800 JavaThread "C2 CompilerThread1" daemon [_thread_blocked, id=19459, stack(0x0000700000fc7000,0x00007000010c7000)]
  0x00007fa52c00e000 JavaThread "C2 CompilerThread0" daemon [_thread_blocked, id=18947, stack(0x0000700000ec4000,0x0000700000fc4000)]
  0x00007fa52c00a000 JavaThread "Signal Dispatcher" daemon [_thread_blocked, id=15887, stack(0x0000700000dc1000,0x0000700000ec1000)]
  0x00007fa529040800 JavaThread "Finalizer" daemon [_thread_blocked, id=14339, stack(0x0000700000c3b000,0x0000700000d3b000)]
  0x00007fa529005000 JavaThread "Reference Handler" daemon [_thread_blocked, id=13827, stack(0x0000700000b38000,0x0000700000c38000)]

Other Threads:
  0x00007fa52a010800 VMThread [stack: 0x0000700000a35000,0x0000700000b35000] [id=13315]
  0x00007fa52a865000 WatcherThread [stack: 0x00007000013d3000,0x00007000014d3000] [id=21507]

VM state:not at safepoint (normal execution)

VM Mutex/Monitor currently owned by a thread: None

Heap:
 PSYoungGen      total 76288K, used 62045K [0x000000076ab00000, 0x0000000770000000, 0x00000007c0000000)
  eden space 65536K, 81% used [0x000000076ab00000,0x000000076defc7c8,0x000000076eb00000)
  from space 10752K, 81% used [0x000000076eb00000,0x000000076f39af10,0x000000076f580000)
  to   space 10752K, 0% used [0x000000076f580000,0x000000076f580000,0x0000000770000000)
 ParOldGen       total 175104K, used 80K [0x00000006c0000000, 0x00000006cab00000, 0x000000076ab00000)
  object space 175104K, 0% used [0x00000006c0000000,0x00000006c0014010,0x00000006cab00000)
 Metaspace       used 20844K, capacity 21017K, committed 21120K, reserved 1069056K
  class space    used 2064K, capacity 2113K, committed 2176K, reserved 1048576K

Card table byte_map: [0x000000011af4d000,0x000000011b74e000] byte_map_base: 0x000000011794d000

Marking Bits: (ParMarkBitMap*) 0x000000010b4e3ea0
 Begin Bits: [0x000000011bca4000, 0x000000011fca4000)
 End Bits:   [0x000000011fca4000, 0x0000000123ca4000)

Polling page: 0x0000000109a81000

CodeCache: size=245760Kb used=8730Kb max_used=8743Kb free=237029Kb
 bounds [0x000000010bb8d000, 0x000000010c42d000, 0x000000011ab8d000]
 total_blobs=3217 nmethods=2328 adapters=802
 compilation: enabled

Compilation events (10 events):
Event: 6.412 Thread 0x00007fa52a859000 2325       1       sun.font.FontDesignMetrics::getAscent (10 bytes)
Event: 6.412 Thread 0x00007fa52a859000 nmethod 2325 0x000000010c416690 code [0x000000010c416800, 0x000000010c416950]
Event: 6.412 Thread 0x00007fa52a859000 2323       3       sun.java2d.pipe.RenderBuffer::putFloat (26 bytes)
Event: 6.412 Thread 0x00007fa52a859000 nmethod 2323 0x000000010c416990 code [0x000000010c416b00, 0x000000010c416c90]
Event: 6.412 Thread 0x00007fa52a859000 2326       3       java.util.HashMap::put (13 bytes)
Event: 6.413 Thread 0x00007fa52a859000 nmethod 2326 0x000000010c416d50 code [0x000000010c416ee0, 0x000000010c417298]
Event: 6.423 Thread 0x00007fa52c00f800 2327  s    4       sun.misc.URLClassPath::getNextLoader (88 bytes)
Event: 6.423 Thread 0x00007fa52a859000 2328  s!   2       sun.misc.URLClassPath::getLoader (197 bytes)
Event: 6.425 Thread 0x00007fa52a859000 nmethod 2328 0x000000010c418250 code [0x000000010c418540, 0x000000010c419c48]
Event: 6.427 Thread 0x00007fa52c00f800 nmethod 2327 0x000000010c41e490 code [0x000000010c41e600, 0x000000010c41ed78]

GC Heap History (2 events):
Event: 3.125 GC heap before
{Heap before GC invocations=1 (full 0):
 PSYoungGen      total 76288K, used 65536K [0x000000076ab00000, 0x0000000770000000, 0x00000007c0000000)
  eden space 65536K, 100% used [0x000000076ab00000,0x000000076eb00000,0x000000076eb00000)
  from space 10752K, 0% used [0x000000076f580000,0x000000076f580000,0x0000000770000000)
  to   space 10752K, 0% used [0x000000076eb00000,0x000000076eb00000,0x000000076f580000)
 ParOldGen       total 175104K, used 0K [0x00000006c0000000, 0x00000006cab00000, 0x000000076ab00000)
  object space 175104K, 0% used [0x00000006c0000000,0x00000006c0000000,0x00000006cab00000)
 Metaspace       used 19224K, capacity 19367K, committed 19456K, reserved 1067008K
  class space    used 1957K, capacity 2014K, committed 2048K, reserved 1048576K
Event: 3.133 GC heap after
Heap after GC invocations=1 (full 0):
 PSYoungGen      total 76288K, used 8811K [0x000000076ab00000, 0x0000000770000000, 0x00000007c0000000)
  eden space 65536K, 0% used [0x000000076ab00000,0x000000076ab00000,0x000000076eb00000)
  from space 10752K, 81% used [0x000000076eb00000,0x000000076f39af10,0x000000076f580000)
  to   space 10752K, 0% used [0x000000076f580000,0x000000076f580000,0x0000000770000000)
 ParOldGen       total 175104K, used 80K [0x00000006c0000000, 0x00000006cab00000, 0x000000076ab00000)
  object space 175104K, 0% used [0x00000006c0000000,0x00000006c0014010,0x00000006cab00000)
 Metaspace       used 19224K, capacity 19367K, committed 19456K, reserved 1067008K
  class space    used 1957K, capacity 2014K, committed 2048K, reserved 1048576K
}

Deoptimization events (10 events):
Event: 3.236 Thread 0x00007fa52c1f3000 Uncommon trap: reason=unstable_if action=reinterpret pc=0x000000010c0ae0bc method=com.jogamp.common.util.IntIntHashMap.get(I)I @ 28
Event: 3.244 Thread 0x00007fa52c1f3000 Uncommon trap: reason=unstable_if action=reinterpret pc=0x000000010bf47450 method=java.lang.String.trim()Ljava/lang/String; @ 23
Event: 3.706 Thread 0x00007fa52a72e000 Uncommon trap: reason=unstable_if action=reinterpret pc=0x000000010bf3b0e0 method=java.lang.String.regionMatches(ZILjava/lang/String;II)Z @ 123
Event: 3.714 Thread 0x00007fa531a72800 Uncommon trap: reason=class_check action=maybe_recompile pc=0x000000010bf7ee90 method=java.util.Arrays.copyOf([Ljava/lang/Object;ILjava/lang/Class;)[Ljava/lang/Object; @ 24
Event: 6.377 Thread 0x00007fa52c1f3000 Uncommon trap: reason=class_check action=maybe_recompile pc=0x000000010bf7ee90 method=java.util.Arrays.copyOf([Ljava/lang/Object;ILjava/lang/Class;)[Ljava/lang/Object; @ 24
Event: 6.377 Thread 0x00007fa52c1f3000 Uncommon trap: reason=class_check action=maybe_recompile pc=0x000000010bf7ee90 method=java.util.Arrays.copyOf([Ljava/lang/Object;ILjava/lang/Class;)[Ljava/lang/Object; @ 24
Event: 6.379 Thread 0x00007fa52c1f3000 Uncommon trap: reason=unstable_if action=reinterpret pc=0x000000010c2a0568 method=com.jogamp.common.util.VersionNumber.compareTo(Lcom/jogamp/common/util/VersionNumber;)I @ 21
Event: 6.381 Thread 0x00007fa52c0ec000 Uncommon trap: reason=unstable_if action=reinterpret pc=0x000000010c39af48 method=java.awt.font.FontRenderContext.equals(Ljava/awt/font/FontRenderContext;)Z @ 2
Event: 6.410 Thread 0x00007fa52c0b2000 Uncommon trap: reason=unstable_if action=reinterpret pc=0x000000010c054368 method=java.util.HashMap.putVal(ILjava/lang/Object;Ljava/lang/Object;ZZ)Ljava/lang/Object; @ 81
Event: 6.410 Thread 0x00007fa52c0b2000 Uncommon trap: reason=unstable_if action=reinterpret pc=0x000000010c04ee40 method=java.util.HashMap.putVal(ILjava/lang/Object;Ljava/lang/Object;ZZ)Ljava/lang/Object; @ 81

Internal exceptions (10 events):
Event: 0.121 Thread 0x00007fa52a80c800 Exception <a 'java/lang/NoSuchFieldError': method resolution failed> (0x000000076af3b238) thrown at [/HUDSON3/workspace/8-2-build-macosx-x86_64/jdk8u73/6086/hotspot/src/share/vm/prims/methodHandles.cpp, line 1146]
Event: 0.122 Thread 0x00007fa52a80c800 Exception <a 'java/lang/NoSuchFieldError': method resolution failed> (0x000000076af48a08) thrown at [/HUDSON3/workspace/8-2-build-macosx-x86_64/jdk8u73/6086/hotspot/src/share/vm/prims/methodHandles.cpp, line 1146]
Event: 0.239 Thread 0x00007fa52a80c800 Exception <a 'java/io/FileNotFoundException'> (0x000000076afc4bc0) thrown at [/HUDSON3/workspace/8-2-build-macosx-x86_64/jdk8u73/6086/hotspot/src/share/vm/prims/jni.cpp, line 709]
Event: 0.239 Thread 0x00007fa52a80c800 Exception <a 'java/io/FileNotFoundException'> (0x000000076afc5720) thrown at [/HUDSON3/workspace/8-2-build-macosx-x86_64/jdk8u73/6086/hotspot/src/share/vm/prims/jni.cpp, line 709]
Event: 0.316 Thread 0x00007fa52a80c800 Exception <a 'java/io/FileNotFoundException'> (0x000000076b1a47e8) thrown at [/HUDSON3/workspace/8-2-build-macosx-x86_64/jdk8u73/6086/hotspot/src/share/vm/prims/jni.cpp, line 709]
Event: 1.385 Thread 0x00007fa529429800 Exception <a 'java/lang/UnsatisfiedLinkError': com.jogamp.common.util.JarUtil.fixNativeLibAttribs(Ljava/lang/String;)Z> (0x000000076c7ae0c0) thrown at [/HUDSON3/workspace/8-2-build-macosx-x86_64/jdk8u73/6086/hotspot/src/share/vm/prims/nativeLookup.cpp, li
Event: 2.066 Thread 0x00007fa52c1f3000 Exception <a 'java/io/FileNotFoundException'> (0x000000076da27eb0) thrown at [/HUDSON3/workspace/8-2-build-macosx-x86_64/jdk8u73/6086/hotspot/src/share/vm/prims/jni.cpp, line 709]
Event: 2.066 Thread 0x00007fa52c1f3000 Exception <a 'java/io/FileNotFoundException'> (0x000000076da2eea8) thrown at [/HUDSON3/workspace/8-2-build-macosx-x86_64/jdk8u73/6086/hotspot/src/share/vm/prims/jni.cpp, line 709]
Event: 2.067 Thread 0x00007fa52c1f3000 Implicit null exception at 0x000000010bd333b5 to 0x000000010bd33719
Event: 3.135 Thread 0x00007fa529040800 Exception <a 'java/lang/NullPointerException'> (0x000000076ad18498) thrown at [/HUDSON3/workspace/8-2-build-macosx-x86_64/jdk8u73/6086/hotspot/src/share/vm/interpreter/linkResolver.cpp, line 1178]

Events (10 events):
Event: 6.423 loading class jogamp/nativewindow/jawt/macosx/MacOSXJAWTWindow$1 done
Event: 6.424 loading class java/awt/LightweightDispatcher$2
Event: 6.424 loading class java/awt/LightweightDispatcher$2 done
Event: 6.424 loading class java/awt/event/AWTEventListenerProxy
Event: 6.424 loading class java/awt/event/AWTEventListenerProxy done
Event: 6.424 loading class java/awt/Toolkit$ToolkitEventMulticaster
Event: 6.424 loading class java/awt/Toolkit$ToolkitEventMulticaster done
Event: 6.424 Thread 0x00007fa52c0b2000 Thread exited: 0x00007fa52c0b2000
Event: 6.424 loading class java/awt/Window$1DisposeAction
Event: 6.424 loading class java/awt/Window$1DisposeAction done


Dynamic libraries:
0x000000000a663000 	/System/Library/Frameworks/Cocoa.framework/Versions/A/Cocoa
0x000000000a663000 	/System/Library/Frameworks/Security.framework/Versions/A/Security
0x000000000a663000 	/System/Library/Frameworks/ApplicationServices.framework/Versions/A/ApplicationServices
0x000000000a663000 	/usr/lib/libz.1.dylib
0x000000000a663000 	/usr/lib/libSystem.B.dylib
0x000000000a663000 	/usr/lib/libobjc.A.dylib
0x000000000a663000 	/System/Library/Frameworks/CoreFoundation.framework/Versions/A/CoreFoundation
0x000000000a663000 	/System/Library/Frameworks/Foundation.framework/Versions/C/Foundation
0x000000000a663000 	/System/Library/Frameworks/AppKit.framework/Versions/C/AppKit
0x000000000a663000 	/System/Library/Frameworks/CoreData.framework/Versions/A/CoreData
0x000000000a663000 	/System/Library/PrivateFrameworks/RemoteViewServices.framework/Versions/A/RemoteViewServices
0x000000000a663000 	/System/Library/PrivateFrameworks/UIFoundation.framework/Versions/A/UIFoundation
0x000000000a663000 	/usr/lib/libScreenReader.dylib
0x000000000a663000 	/System/Library/Frameworks/Accelerate.framework/Versions/A/Accelerate
0x000000000a663000 	/System/Library/Frameworks/IOSurface.framework/Versions/A/IOSurface
0x000000000a663000 	/System/Library/Frameworks/AudioToolbox.framework/Versions/A/AudioToolbox
0x000000000a663000 	/System/Library/Frameworks/AudioUnit.framework/Versions/A/AudioUnit
0x000000000a663000 	/System/Library/PrivateFrameworks/DataDetectorsCore.framework/Versions/A/DataDetectorsCore
0x000000000a663000 	/System/Library/PrivateFrameworks/DesktopServicesPriv.framework/Versions/A/DesktopServicesPriv
0x000000000a663000 	/System/Library/Frameworks/Carbon.framework/Versions/A/Frameworks/HIToolbox.framework/Versions/A/HIToolbox
0x000000000a663000 	/System/Library/Frameworks/QuartzCore.framework/Versions/A/QuartzCore
0x000000000a663000 	/System/Library/Frameworks/Carbon.framework/Versions/A/Frameworks/SpeechRecognition.framework/Versions/A/SpeechRecognition
0x000000000a663000 	/usr/lib/libauto.dylib
0x000000000a663000 	/usr/lib/libicucore.A.dylib
0x000000000a663000 	/usr/lib/libxml2.2.dylib
0x000000000a663000 	/System/Library/PrivateFrameworks/CoreUI.framework/Versions/A/CoreUI
0x000000000a663000 	/System/Library/Frameworks/CoreAudio.framework/Versions/A/CoreAudio
0x000000000a663000 	/System/Library/Frameworks/DiskArbitration.framework/Versions/A/DiskArbitration
0x000000000a663000 	/usr/lib/liblangid.dylib
0x000000000a663000 	/System/Library/PrivateFrameworks/MultitouchSupport.framework/Versions/A/MultitouchSupport
0x000000000a663000 	/System/Library/Frameworks/IOKit.framework/Versions/A/IOKit
0x000000000a663000 	/usr/lib/libDiagnosticMessagesClient.dylib
0x000000000a663000 	/System/Library/Frameworks/CoreServices.framework/Versions/A/CoreServices
0x000000000a663000 	/System/Library/PrivateFrameworks/PerformanceAnalysis.framework/Versions/A/PerformanceAnalysis
0x000000000a663000 	/System/Library/PrivateFrameworks/GenerationalStorage.framework/Versions/A/GenerationalStorage
0x000000000a663000 	/System/Library/Frameworks/OpenGL.framework/Versions/A/OpenGL
0x000000000a663000 	/System/Library/PrivateFrameworks/Sharing.framework/Versions/A/Sharing
0x000000000a663000 	/System/Library/Frameworks/CoreGraphics.framework/Versions/A/CoreGraphics
0x000000000a663000 	/System/Library/Frameworks/CoreImage.framework/Versions/A/CoreImage
0x000000000a663000 	/System/Library/Frameworks/CoreText.framework/Versions/A/CoreText
0x000000000a663000 	/System/Library/Frameworks/ImageIO.framework/Versions/A/ImageIO
0x000000000a663000 	/System/Library/PrivateFrameworks/Backup.framework/Versions/A/Backup
0x000000000a663000 	/usr/lib/libextension.dylib
0x000000000a663000 	/usr/lib/libarchive.2.dylib
0x000000000a663000 	/System/Library/Frameworks/CFNetwork.framework/Versions/A/CFNetwork
0x000000000a663000 	/System/Library/Frameworks/SystemConfiguration.framework/Versions/A/SystemConfiguration
0x000000000a663000 	/usr/lib/libCRFSuite.dylib
0x000000000a663000 	/usr/lib/libc++.1.dylib
0x000000000a663000 	/usr/lib/libc++abi.dylib
0x000000000a663000 	/usr/lib/system/libcache.dylib
0x000000000a663000 	/usr/lib/system/libcommonCrypto.dylib
0x000000000a663000 	/usr/lib/system/libcompiler_rt.dylib
0x000000000a663000 	/usr/lib/system/libcopyfile.dylib
0x000000000a663000 	/usr/lib/system/libcorecrypto.dylib
0x000000000a663000 	/usr/lib/system/libdispatch.dylib
0x000000000a663000 	/usr/lib/system/libdyld.dylib
0x000000000a663000 	/usr/lib/system/libkeymgr.dylib
0x000000000a663000 	/usr/lib/system/liblaunch.dylib
0x000000000a663000 	/usr/lib/system/libmacho.dylib
0x000000000a663000 	/usr/lib/system/libquarantine.dylib
0x000000000a663000 	/usr/lib/system/libremovefile.dylib
0x000000000a663000 	/usr/lib/system/libsystem_asl.dylib
0x000000000a663000 	/usr/lib/system/libsystem_blocks.dylib
0x000000000a663000 	/usr/lib/system/libsystem_c.dylib
0x000000000a663000 	/usr/lib/system/libsystem_configuration.dylib
0x000000000a663000 	/usr/lib/system/libsystem_coreservices.dylib
0x000000000a663000 	/usr/lib/system/libsystem_coretls.dylib
0x000000000a663000 	/usr/lib/system/libsystem_dnssd.dylib
0x000000000a663000 	/usr/lib/system/libsystem_info.dylib
0x000000000a663000 	/usr/lib/system/libsystem_kernel.dylib
0x000000000a663000 	/usr/lib/system/libsystem_m.dylib
0x000000000a663000 	/usr/lib/system/libsystem_malloc.dylib
0x000000000a663000 	/usr/lib/system/libsystem_network.dylib
0x000000000a663000 	/usr/lib/system/libsystem_networkextension.dylib
0x000000000a663000 	/usr/lib/system/libsystem_notify.dylib
0x000000000a663000 	/usr/lib/system/libsystem_platform.dylib
0x000000000a663000 	/usr/lib/system/libsystem_pthread.dylib
0x000000000a663000 	/usr/lib/system/libsystem_sandbox.dylib
0x000000000a663000 	/usr/lib/system/libsystem_secinit.dylib
0x000000000a663000 	/usr/lib/system/libsystem_trace.dylib
0x000000000a663000 	/usr/lib/system/libunc.dylib
0x000000000a663000 	/usr/lib/system/libunwind.dylib
0x000000000a663000 	/usr/lib/system/libxpc.dylib
0x000000000a663000 	/usr/lib/libenergytrace.dylib
0x000000000a663000 	/usr/lib/libbsm.0.dylib
0x000000000a663000 	/usr/lib/system/libkxld.dylib
0x000000000a663000 	/usr/lib/libxar.1.dylib
0x000000000a663000 	/usr/lib/libsqlite3.dylib
0x000000000a663000 	/usr/lib/libpam.2.dylib
0x000000000a663000 	/usr/lib/libOpenScriptingUtil.dylib
0x000000000a663000 	/usr/lib/libbz2.1.0.dylib
0x000000000a663000 	/usr/lib/liblzma.5.dylib
0x000000000a663000 	/System/Library/Frameworks/CoreServices.framework/Versions/A/Frameworks/FSEvents.framework/Versions/A/FSEvents
0x000000000a663000 	/System/Library/Frameworks/CoreServices.framework/Versions/A/Frameworks/CarbonCore.framework/Versions/A/CarbonCore
0x000000000a663000 	/System/Library/Frameworks/CoreServices.framework/Versions/A/Frameworks/Metadata.framework/Versions/A/Metadata
0x000000000a663000 	/System/Library/Frameworks/CoreServices.framework/Versions/A/Frameworks/OSServices.framework/Versions/A/OSServices
0x000000000a663000 	/System/Library/Frameworks/CoreServices.framework/Versions/A/Frameworks/SearchKit.framework/Versions/A/SearchKit
0x000000000a663000 	/System/Library/Frameworks/CoreServices.framework/Versions/A/Frameworks/AE.framework/Versions/A/AE
0x000000000a663000 	/System/Library/Frameworks/CoreServices.framework/Versions/A/Frameworks/LaunchServices.framework/Versions/A/LaunchServices
0x000000000a663000 	/System/Library/Frameworks/CoreServices.framework/Versions/A/Frameworks/DictionaryServices.framework/Versions/A/DictionaryServices
0x000000000a663000 	/System/Library/Frameworks/CoreServices.framework/Versions/A/Frameworks/SharedFileList.framework/Versions/A/SharedFileList
0x000000000a663000 	/System/Library/Frameworks/NetFS.framework/Versions/A/NetFS
0x000000000a663000 	/System/Library/PrivateFrameworks/NetAuth.framework/Versions/A/NetAuth
0x000000000a663000 	/System/Library/PrivateFrameworks/login.framework/Versions/A/Frameworks/loginsupport.framework/Versions/A/loginsupport
0x000000000a663000 	/System/Library/PrivateFrameworks/TCC.framework/Versions/A/TCC
0x000000000a663000 	/usr/lib/libmecabra.dylib
0x000000000a663000 	/System/Library/Frameworks/ApplicationServices.framework/Versions/A/Frameworks/ATS.framework/Versions/A/ATS
0x000000000a663000 	/System/Library/Frameworks/ApplicationServices.framework/Versions/A/Frameworks/ColorSync.framework/Versions/A/ColorSync
0x000000000a663000 	/System/Library/Frameworks/ApplicationServices.framework/Versions/A/Frameworks/HIServices.framework/Versions/A/HIServices
0x000000000a663000 	/System/Library/Frameworks/ApplicationServices.framework/Versions/A/Frameworks/LangAnalysis.framework/Versions/A/LangAnalysis
0x000000000a663000 	/System/Library/Frameworks/ApplicationServices.framework/Versions/A/Frameworks/PrintCore.framework/Versions/A/PrintCore
0x000000000a663000 	/System/Library/Frameworks/ApplicationServices.framework/Versions/A/Frameworks/QD.framework/Versions/A/QD
0x000000000a663000 	/System/Library/Frameworks/ApplicationServices.framework/Versions/A/Frameworks/SpeechSynthesis.framework/Versions/A/SpeechSynthesis
0x000000000a663000 	/System/Library/Frameworks/Metal.framework/Versions/A/Metal
0x000000000a663000 	/System/Library/Frameworks/Accelerate.framework/Versions/A/Frameworks/vImage.framework/Versions/A/vImage
0x000000000a663000 	/System/Library/Frameworks/Accelerate.framework/Versions/A/Frameworks/vecLib.framework/Versions/A/vecLib
0x000000000a663000 	/System/Library/Frameworks/Accelerate.framework/Versions/A/Frameworks/vecLib.framework/Versions/A/libvDSP.dylib
0x000000000a663000 	/System/Library/Frameworks/Accelerate.framework/Versions/A/Frameworks/vecLib.framework/Versions/A/libvMisc.dylib
0x000000000a663000 	/System/Library/Frameworks/Accelerate.framework/Versions/A/Frameworks/vecLib.framework/Versions/A/libLAPACK.dylib
0x000000000a663000 	/System/Library/Frameworks/Accelerate.framework/Versions/A/Frameworks/vecLib.framework/Versions/A/libBLAS.dylib
0x000000000a663000 	/System/Library/Frameworks/Accelerate.framework/Versions/A/Frameworks/vecLib.framework/Versions/A/libLinearAlgebra.dylib
0x000000000a663000 	/System/Library/Frameworks/Accelerate.framework/Versions/A/Frameworks/vecLib.framework/Versions/A/libSparseBLAS.dylib
0x000000000a663000 	/System/Library/PrivateFrameworks/GPUCompiler.framework/libmetal_timestamp.dylib
0x000000000a663000 	/System/Library/Frameworks/OpenGL.framework/Versions/A/Libraries/libCoreFSCache.dylib
0x000000000a663000 	/System/Library/PrivateFrameworks/IOAccelerator.framework/Versions/A/IOAccelerator
0x000000000a663000 	/System/Library/Frameworks/ApplicationServices.framework/Versions/A/Frameworks/ATS.framework/Versions/A/Resources/libFontParser.dylib
0x000000000a663000 	/System/Library/Frameworks/ApplicationServices.framework/Versions/A/Frameworks/ATS.framework/Versions/A/Resources/libFontRegistry.dylib
0x000000000a663000 	/System/Library/PrivateFrameworks/AppleVPA.framework/Versions/A/AppleVPA
0x000000000a663000 	/System/Library/PrivateFrameworks/AppleJPEG.framework/Versions/A/AppleJPEG
0x000000000a663000 	/System/Library/Frameworks/ImageIO.framework/Versions/A/Resources/libJPEG.dylib
0x000000000a663000 	/System/Library/Frameworks/ImageIO.framework/Versions/A/Resources/libTIFF.dylib
0x000000000a663000 	/System/Library/Frameworks/ImageIO.framework/Versions/A/Resources/libPng.dylib
0x000000000a663000 	/System/Library/Frameworks/ImageIO.framework/Versions/A/Resources/libGIF.dylib
0x000000000a663000 	/System/Library/Frameworks/ImageIO.framework/Versions/A/Resources/libJP2.dylib
0x000000000a663000 	/System/Library/Frameworks/ImageIO.framework/Versions/A/Resources/libRadiance.dylib
0x000000000a663000 	/System/Library/Frameworks/CoreVideo.framework/Versions/A/CoreVideo
0x000000000a663000 	/System/Library/Frameworks/OpenGL.framework/Versions/A/Libraries/libGLU.dylib
0x000000000a663000 	/System/Library/Frameworks/OpenGL.framework/Versions/A/Libraries/libGFXShared.dylib
0x000000000a663000 	/System/Library/Frameworks/OpenGL.framework/Versions/A/Libraries/libGL.dylib
0x000000000a663000 	/System/Library/Frameworks/OpenGL.framework/Versions/A/Libraries/libGLImage.dylib
0x000000000a663000 	/System/Library/Frameworks/OpenGL.framework/Versions/A/Libraries/libCVMSPluginSupport.dylib
0x000000000a663000 	/System/Library/Frameworks/OpenGL.framework/Versions/A/Libraries/libCoreVMClient.dylib
0x000000000a663000 	/usr/lib/libcups.2.dylib
0x000000000a663000 	/System/Library/Frameworks/Kerberos.framework/Versions/A/Kerberos
0x000000000a663000 	/System/Library/Frameworks/GSS.framework/Versions/A/GSS
0x000000000a663000 	/usr/lib/libresolv.9.dylib
0x000000000a663000 	/usr/lib/libiconv.2.dylib
0x000000000a663000 	/System/Library/PrivateFrameworks/Heimdal.framework/Versions/A/Heimdal
0x000000000a663000 	/usr/lib/libheimdal-asn1.dylib
0x000000000a663000 	/System/Library/Frameworks/OpenDirectory.framework/Versions/A/OpenDirectory
0x000000000a663000 	/System/Library/PrivateFrameworks/CommonAuth.framework/Versions/A/CommonAuth
0x000000000a663000 	/System/Library/Frameworks/OpenDirectory.framework/Versions/A/Frameworks/CFOpenDirectory.framework/Versions/A/CFOpenDirectory
0x000000000a663000 	/System/Library/Frameworks/SecurityFoundation.framework/Versions/A/SecurityFoundation
0x000000000a663000 	/System/Library/PrivateFrameworks/LanguageModeling.framework/Versions/A/LanguageModeling
0x000000000a663000 	/usr/lib/libmarisa.dylib
0x000000000a663000 	/usr/lib/libChineseTokenizer.dylib
0x000000000a663000 	/usr/lib/libcmph.dylib
0x000000000a663000 	/usr/lib/libcompression.dylib
0x000000000a663000 	/System/Library/Frameworks/ServiceManagement.framework/Versions/A/ServiceManagement
0x000000000a663000 	/usr/lib/libxslt.1.dylib
0x000000000a663000 	/System/Library/Frameworks/Carbon.framework/Versions/A/Frameworks/Ink.framework/Versions/A/Ink
0x000000000a663000 	/usr/lib/libFosl_dynamic.dylib
0x000000000a663000 	/System/Library/PrivateFrameworks/FaceCore.framework/Versions/A/FaceCore
0x000000000a663000 	/System/Library/Frameworks/OpenCL.framework/Versions/A/OpenCL
0x000000000a663000 	/System/Library/PrivateFrameworks/CrashReporterSupport.framework/Versions/A/CrashReporterSupport
0x000000000a663000 	/System/Library/PrivateFrameworks/IconServices.framework/Versions/A/IconServices
0x000000000a663000 	/System/Library/PrivateFrameworks/Apple80211.framework/Versions/A/Apple80211
0x000000000a663000 	/System/Library/Frameworks/CoreWLAN.framework/Versions/A/CoreWLAN
0x000000000a663000 	/System/Library/Frameworks/IOBluetooth.framework/Versions/A/IOBluetooth
0x000000000a663000 	/System/Library/PrivateFrameworks/CoreWiFi.framework/Versions/A/CoreWiFi
0x000000000a663000 	/System/Library/Frameworks/CoreBluetooth.framework/Versions/A/CoreBluetooth
0x000000000a663000 	/System/Library/PrivateFrameworks/ChunkingLibrary.framework/Versions/A/ChunkingLibrary
0x000000000a663000 	/System/Library/PrivateFrameworks/DebugSymbols.framework/Versions/A/DebugSymbols
0x000000000a663000 	/System/Library/PrivateFrameworks/CoreSymbolication.framework/Versions/A/CoreSymbolication
0x000000000a663000 	/System/Library/PrivateFrameworks/Symbolication.framework/Versions/A/Symbolication
0x000000000a663000 	/System/Library/PrivateFrameworks/SpeechRecognitionCore.framework/Versions/A/SpeechRecognitionCore
0x000000010ac00000 	/Library/Java/JavaVirtualMachines/jdk1.8.0_73.jdk/Contents/Home/jre/lib/server/libjvm.dylib
0x000000000a663000 	/usr/lib/libstdc++.6.dylib
0x0000000109a3e000 	/Library/Java/JavaVirtualMachines/jdk1.8.0_73.jdk/Contents/Home/jre/lib/libverify.dylib
0x0000000109a4c000 	/Library/Java/JavaVirtualMachines/jdk1.8.0_73.jdk/Contents/Home/jre/lib/libjava.dylib
0x0000000109a8b000 	/Library/Java/JavaVirtualMachines/jdk1.8.0_73.jdk/Contents/Home/jre/lib/libzip.dylib
0x0000000126ad9000 	/System/Library/Frameworks/JavaVM.framework/Frameworks/JavaRuntimeSupport.framework/JavaRuntimeSupport
0x0000000126af4000 	/System/Library/Frameworks/JavaVM.framework/Versions/A/Frameworks/JavaNativeFoundation.framework/Versions/A/JavaNativeFoundation
0x0000000126b09000 	/System/Library/Frameworks/JavaVM.framework/Versions/A/JavaVM
0x000000000a663000 	/System/Library/Frameworks/Carbon.framework/Versions/A/Carbon
0x0000000126b16000 	/System/Library/PrivateFrameworks/JavaLaunching.framework/Versions/A/JavaLaunching
0x000000000a663000 	/System/Library/Frameworks/Carbon.framework/Versions/A/Frameworks/CommonPanels.framework/Versions/A/CommonPanels
0x000000000a663000 	/System/Library/Frameworks/Carbon.framework/Versions/A/Frameworks/Help.framework/Versions/A/Help
0x000000000a663000 	/System/Library/Frameworks/Carbon.framework/Versions/A/Frameworks/ImageCapture.framework/Versions/A/ImageCapture
0x000000000a663000 	/System/Library/Frameworks/Carbon.framework/Versions/A/Frameworks/OpenScripting.framework/Versions/A/OpenScripting
0x000000000a663000 	/System/Library/Frameworks/Carbon.framework/Versions/A/Frameworks/Print.framework/Versions/A/Print
0x000000000a663000 	/System/Library/Frameworks/Carbon.framework/Versions/A/Frameworks/SecurityHI.framework/Versions/A/SecurityHI
0x0000000128471000 	/Library/Java/JavaVirtualMachines/jdk1.8.0_73.jdk/Contents/Home/jre/lib/libawt.dylib
0x0000000128519000 	/Library/Java/JavaVirtualMachines/jdk1.8.0_73.jdk/Contents/Home/jre/lib/./libmlib_image.dylib
0x00000001285e5000 	/Library/Java/JavaVirtualMachines/jdk1.8.0_73.jdk/Contents/Home/jre/lib/libawt_lwawt.dylib
0x000000012869a000 	/Library/Java/JavaVirtualMachines/jdk1.8.0_73.jdk/Contents/Home/jre/lib/./libosxapp.dylib
0x000000000a663000 	/System/Library/Frameworks/ExceptionHandling.framework/Versions/A/ExceptionHandling
0x000000000a663000 	/System/Library/PrivateFrameworks/CoreServicesInternal.framework/Versions/A/CoreServicesInternal
0x000000000a663000 	/System/Library/Frameworks/CoreGraphics.framework/Versions/A/Resources/libRIP.A.dylib
0x000000000a663000 	/System/Library/Frameworks/Accelerate.framework/Versions/A/Frameworks/vImage.framework/Versions/A/Libraries/libCGInterfaces.dylib
0x000000000a663000 	/System/Library/Frameworks/CoreGraphics.framework/Versions/A/Resources/libCGXType.A.dylib
0x000000000a663000 	/System/Library/Frameworks/OpenCL.framework/Versions/A/Libraries/libcldcpuengine.dylib
0x000000000a663000 	/System/Library/PrivateFrameworks/DiskImages.framework/Versions/A/DiskImages
0x000000000a663000 	/System/Library/Frameworks/DiscRecording.framework/Versions/A/DiscRecording
0x000000000a663000 	/usr/lib/libcsfde.dylib
0x000000000a663000 	/usr/lib/libcurl.4.dylib
0x000000000a663000 	/System/Library/PrivateFrameworks/MediaKit.framework/Versions/A/MediaKit
0x000000000a663000 	/System/Library/PrivateFrameworks/ProtectedCloudStorage.framework/Versions/A/ProtectedCloudStorage
0x000000000a663000 	/usr/lib/libCoreStorage.dylib
0x000000000a663000 	/System/Library/PrivateFrameworks/EFILogin.framework/Versions/A/EFILogin
0x000000000a663000 	/usr/lib/libutil.dylib
0x000000000a663000 	/System/Library/PrivateFrameworks/FindMyDevice.framework/Versions/A/FindMyDevice
0x000000000a663000 	/System/Library/Frameworks/LDAP.framework/Versions/A/LDAP
0x000000000a663000 	/usr/lib/libsasl2.2.dylib
0x000000000a663000 	/System/Library/PrivateFrameworks/CoreDaemon.framework/Versions/B/CoreDaemon
0x000000000a663000 	/usr/lib/libcrypto.0.9.8.dylib
0x000000000a663000 	/System/Library/PrivateFrameworks/AppleSRP.framework/Versions/A/AppleSRP
0x000000000a663000 	/System/Library/PrivateFrameworks/TrustEvaluationAgent.framework/Versions/A/TrustEvaluationAgent
0x000000012a2ae000 	cl_kernels
0x000000000a663000 	/System/Library/Frameworks/OpenCL.framework/Versions/A/Libraries/ImageFormats/unorm8_bgra.dylib
0x000000000a663000 	/System/Library/Frameworks/OpenCL.framework/Versions/A/Libraries/ImageFormats/unorm8_rgba.dylib
0x000000000a663000 	/System/Library/PrivateFrameworks/FamilyControls.framework/Versions/A/FamilyControls
0x000000000a663000 	/System/Library/PrivateFrameworks/CommerceKit.framework/Versions/A/Frameworks/CommerceCore.framework/Versions/A/CommerceCore
0x000000000a663000 	/System/Library/PrivateFrameworks/SystemAdministration.framework/Versions/A/SystemAdministration
0x000000000a663000 	/System/Library/PrivateFrameworks/AppContainer.framework/Versions/A/AppContainer
0x000000000a663000 	/System/Library/PrivateFrameworks/SecCodeWrapper.framework/Versions/A/SecCodeWrapper
0x000000000a663000 	/System/Library/Frameworks/DirectoryService.framework/Versions/A/DirectoryService
0x000000000a663000 	/System/Library/PrivateFrameworks/LoginUIKit.framework/Versions/A/Frameworks/LoginUICore.framework/Versions/A/LoginUICore
0x000000000a663000 	/usr/lib/libodfde.dylib
0x000000000a663000 	/System/Library/Frameworks/OpenGL.framework/Versions/A/Resources/GLEngine.bundle/GLEngine
0x000000000a663000 	/System/Library/Frameworks/OpenGL.framework/Versions/A/Libraries/libGLProgrammability.dylib
0x000000012b3c7000 	/System/Library/Extensions/AppleIntelHD5000GraphicsGLDriver.bundle/Contents/MacOS/AppleIntelHD5000GraphicsGLDriver
0x000000000a663000 	/System/Library/PrivateFrameworks/GPUSupport.framework/Versions/A/Libraries/libGPUSupportMercury.dylib
0x000000000a663000 	/System/Library/Frameworks/OpenGL.framework/Versions/A/Resources/GLRendererFloat.bundle/GLRendererFloat
0x000000012c3d4000 	/Library/Java/JavaVirtualMachines/jdk1.8.0_73.jdk/Contents/Home/jre/lib/libfontmanager.dylib
0x000000012d91c000 	/Library/Java/JavaVirtualMachines/jdk1.8.0_73.jdk/Contents/Home/jre/lib/libosxui.dylib
0x000000012e62b000 	/Library/Java/JavaVirtualMachines/jdk1.8.0_73.jdk/Contents/Home/jre/lib/libnet.dylib
0x000000012e642000 	/Library/Java/JavaVirtualMachines/jdk1.8.0_73.jdk/Contents/Home/jre/lib/libnio.dylib
0x000000000a663000 	/System/Library/Frameworks/ApplicationServices.framework/Versions/A/Frameworks/ATS.framework/Versions/A/Resources/libTrueTypeScaler.dylib
0x00000001977d0000 	/System/Library/Extensions/AppleIntelHD5000GraphicsMTLDriver.bundle/Contents/MacOS/AppleIntelHD5000GraphicsMTLDriver
0x000000012d6a3000 	/private/var/folders/mr/p4_rhnqx1kzdwhjyb2fkx9cm0000gn/T/jogamp_0000/file_cache/jln5351892160060602562/jln7801632565612478948/libgluegen-rt.jnilib
0x000000012d6a7000 	/private/var/folders/mr/p4_rhnqx1kzdwhjyb2fkx9cm0000gn/T/jogamp_0000/file_cache/jln5351892160060602562/jln7801632565612478948/libnativewindow_awt.jnilib
0x000000012e3fa000 	/Library/Java/JavaVirtualMachines/jdk1.8.0_73.jdk/Contents/Home/jre/lib/libjawt.dylib
0x0000000197727000 	/private/var/folders/mr/p4_rhnqx1kzdwhjyb2fkx9cm0000gn/T/jogamp_0000/file_cache/jln5351892160060602562/jln7801632565612478948/libnativewindow_macosx.jnilib
0x000000019d5d4000 	/private/var/folders/mr/p4_rhnqx1kzdwhjyb2fkx9cm0000gn/T/jogamp_0000/file_cache/jln5351892160060602562/jln7801632565612478948/libjogl_desktop.jnilib
0x0000000197eb9000 	/Library/Java/JavaVirtualMachines/jdk1.8.0_73.jdk/Contents/Home/jre/lib/libt2k.dylib

VM Arguments:
jvm_args: -Djava.security.policy=java.policy.applet -Dfile.encoding=UTF-8 
java_command: sun.applet.AppletViewer module4.EarthquakeCityMap1459626478971.html
java_class_path (initial): /Users/ruizhang/Dropbox/UCSDUnfoldingMaps/build:/Users/ruizhang/Dropbox/UCSDUnfoldingMaps/lib/core.jar:/Users/ruizhang/Dropbox/UCSDUnfoldingMaps/lib/gluegen-rt.jar:/Users/ruizhang/Dropbox/UCSDUnfoldingMaps/lib/jogl-all.jar:/Users/ruizhang/Dropbox/UCSDUnfoldingMaps/lib/log4j-1.2.15.jar:/Users/ruizhang/Dropbox/UCSDUnfoldingMaps/lib/sqlite-jdbc-3.7.2.jar:/Users/ruizhang/Dropbox/UCSDUnfoldingMaps/lib/json4processing.jar:/Users/ruizhang/Dropbox/UCSDUnfoldingMaps/lib/libTUIO.jar:/Users/ruizhang/Dropbox/UCSDUnfoldingMaps/lib/unfolding.0.9.7-uscd.jar
Launcher Type: SUN_STANDARD

Environment Variables:
PATH=/usr/bin:/bin:/usr/sbin:/sbin
SHELL=/bin/zsh
DISPLAY=/private/tmp/com.apple.launchd.UMlEEJzAqY/org.macosforge.xquartz:0

Signal Handlers:
SIGSEGV: [libjvm.dylib+0x5a71a5], sa_mask[0]=11111111011111110111111111111111, sa_flags=SA_ONSTACK|SA_RESTART|SA_SIGINFO
SIGBUS: [libjvm.dylib+0x5a71a5], sa_mask[0]=11111111011111110111111111111111, sa_flags=SA_RESTART|SA_SIGINFO
SIGFPE: [libjvm.dylib+0x480eb4], sa_mask[0]=11111111011111110111111111111111, sa_flags=SA_RESTART|SA_SIGINFO
SIGPIPE: [libjvm.dylib+0x480eb4], sa_mask[0]=11111111011111110111111111111111, sa_flags=SA_RESTART|SA_SIGINFO
SIGXFSZ: [libjvm.dylib+0x480eb4], sa_mask[0]=11111111011111110111111111111111, sa_flags=SA_RESTART|SA_SIGINFO
SIGILL: [libjvm.dylib+0x480eb4], sa_mask[0]=11111111011111110111111111111111, sa_flags=SA_RESTART|SA_SIGINFO
SIGUSR1: SIG_DFL, sa_mask[0]=00000000000000000000000000000000, sa_flags=none
SIGUSR2: [libjvm.dylib+0x4809d2], sa_mask[0]=00100000000000000000000000000000, sa_flags=SA_RESTART|SA_SIGINFO
SIGHUP: [libjvm.dylib+0x47efa9], sa_mask[0]=11111111011111110111111111111111, sa_flags=SA_RESTART|SA_SIGINFO
SIGINT: [libjvm.dylib+0x47efa9], sa_mask[0]=11111111011111110111111111111111, sa_flags=SA_RESTART|SA_SIGINFO
SIGTERM: [libjvm.dylib+0x47efa9], sa_mask[0]=11111111011111110111111111111111, sa_flags=SA_RESTART|SA_SIGINFO
SIGQUIT: [libjvm.dylib+0x47efa9], sa_mask[0]=11111111011111110111111111111111, sa_flags=SA_RESTART|SA_SIGINFO


---------------  S Y S T E M  ---------------

OS:Bsduname:Darwin 15.3.0 Darwin Kernel Version 15.3.0: Thu Dec 10 18:40:58 PST 2015; root:xnu-3248.30.4~1/RELEASE_X86_64 x86_64
rlimit: STACK 8192k, CORE 0k, NPROC 709, NOFILE 10240, AS infinity
load average:2.17 2.23 2.35

CPU:total 8 (4 cores per cpu, 2 threads per core) family 6 model 70 stepping 1, cmov, cx8, fxsr, mmx, sse, sse2, sse3, ssse3, sse4.1, sse4.2, popcnt, avx, avx2, aes, clmul, erms, lzcnt, ht, tsc, tscinvbit, bmi1, bmi2

Memory: 4k page, physical 16777216k(931016k free)

/proc/meminfo:


vm_info: Java HotSpot(TM) 64-Bit Server VM (25.73-b02) for bsd-amd64 JRE (1.8.0_73-b02), built on Jan 29 2016 15:02:00 by "java_re" with gcc 4.2.1 (Based on Apple Inc. build 5658) (LLVM build 2336.11.00)

time: Sat Apr  2 15:48:05 2016
elapsed time: 6 seconds (0d 0h 0m 6s)

